{"meta": {"format": 3, "version": "7.10.6", "timestamp": "2026-03-14T18:19:00.794021", "branch_coverage": false, "show_contexts": false}, "files": {"src/icv_search/__init__.py": {"executed_lines": [1, 8, 10, 12, 13, 15], "summary": {"covered_lines": 5, "num_statements": 5, "percent_covered": 100.0, "percent_covered_display": "100", "missing_lines": 0, "excluded_lines": 0}, "missing_lines": [], "excluded_lines": [], "functions": {"": {"executed_lines": [1, 8, 10, 12, 13, 15], "summary": {"covered_lines": 5, "num_statements": 5, "percent_covered": 100.0, "percent_covered_display": "100", "missing_lines": 0, "excluded_lines": 0}, "missing_lines": [], "excluded_lines": []}}, "classes": {"": {"executed_lines": [1, 8, 10, 12, 13, 15], "summary": {"covered_lines": 5, "num_statements": 5, "percent_covered": 100.0, "percent_covered_display": "100", "missing_lines": 0, "excluded_lines": 0}, "missing_lines": [], "excluded_lines": []}}}, "src/icv_search/admin.py": {"executed_lines": [1, 3, 5, 8, 9, 10, 19, 20, 21, 29, 37, 38, 39, 40, 41, 42, 51], "summary": {"covered_lines": 16, "num_statements": 16, "percent_covered": 100.0, "percent_covered_display": "100", "missing_lines": 0, "excluded_lines": 0}, "missing_lines": [], "excluded_lines": [], "functions": {"": {"executed_lines": [1, 3, 5, 8, 9, 10, 19, 20, 21, 29, 37, 38, 39, 40, 41, 42, 51], "summary": {"covered_lines": 16, "num_statements": 16, "percent_covered": 100.0, "percent_covered_display": "100", "missing_lines": 0, "excluded_lines": 0}, "missing_lines": [], "excluded_lines": []}}, "classes": {"SearchIndexAdmin": {"executed_lines": [], "summary": {"covered_lines": 0, "num_statements": 0, "percent_covered": 100.0, "percent_covered_display": "100", "missing_lines": 0, "excluded_lines": 0}, "missing_lines": [], "excluded_lines": []}, "IndexSyncLogAdmin": {"executed_lines": [], "summary": {"covered_lines": 0, "num_statements": 0, "percent_covered": 100.0, "percent_covered_display": "100", "missing_lines": 0, "excluded_lines": 0}, "missing_lines": [], "excluded_lines": []}, "": {"executed_lines": [1, 3, 5, 8, 9, 10, 19, 20, 21, 29, 37, 38, 39, 40, 41, 42, 51], "summary": {"covered_lines": 16, "num_statements": 16, "percent_covered": 100.0, "percent_covered_display": "100", "missing_lines": 0, "excluded_lines": 0}, "missing_lines": [], "excluded_lines": []}}}, "src/icv_search/apps.py": {"executed_lines": [1, 2, 5, 6, 7, 8, 9, 11, 12, 13, 15], "summary": {"covered_lines": 11, "num_statements": 11, "percent_covered": 100.0, "percent_covered_display": "100", "missing_lines": 0, "excluded_lines": 0}, "missing_lines": [], "excluded_lines": [], "functions": {"IcvSearchConfig.ready": {"executed_lines": [12, 13, 15], "summary": {"covered_lines": 3, "num_statements": 3, "percent_covered": 100.0, "percent_covered_display": "100", "missing_lines": 0, "excluded_lines": 0}, "missing_lines": [], "excluded_lines": []}, "": {"executed_lines": [1, 2, 5, 6, 7, 8, 9, 11], "summary": {"covered_lines": 8, "num_statements": 8, "percent_covered": 100.0, "percent_covered_display": "100", "missing_lines": 0, "excluded_lines": 0}, "missing_lines": [], "excluded_lines": []}}, "classes": {"IcvSearchConfig": {"executed_lines": [12, 13, 15], "summary": {"covered_lines": 3, "num_statements": 3, "percent_covered": 100.0, "percent_covered_display": "100", "missing_lines": 0, "excluded_lines": 0}, "missing_lines": [], "excluded_lines": []}, "": {"executed_lines": [1, 2, 5, 6, 7, 8, 9, 11], "summary": {"covered_lines": 8, "num_statements": 8, "percent_covered": 100.0, "percent_covered_display": "100", "missing_lines": 0, "excluded_lines": 0}, "missing_lines": [], "excluded_lines": []}}}, "src/icv_search/auto_index.py": {"executed_lines": [1, 3, 5, 6, 7, 8, 9, 11, 12, 13, 15, 18, 23, 26, 28, 31, 32, 51, 52, 53, 54, 56, 59, 61, 63, 66, 75, 76, 78, 82, 83, 84, 85, 86, 91, 93, 96, 104, 107, 110, 113, 115, 117, 125, 126, 128, 130, 131, 136, 154, 156, 157, 158, 159, 167, 174, 176, 177, 182, 200, 202, 203, 213, 215, 217, 218, 220, 226, 228, 229, 230, 235, 249, 250, 251, 252, 253, 256, 266, 274, 275, 276, 277, 278, 281, 295, 296, 297, 299, 300, 301, 302, 306, 308, 310, 311, 312, 313, 318, 321, 322, 327, 329, 330, 334, 336, 337, 338, 340, 342, 348, 351, 355, 357, 358, 359, 361, 363, 369, 372, 374], "summary": {"covered_lines": 120, "num_statements": 159, "percent_covered": 75.47169811320755, "percent_covered_display": "75", "missing_lines": 39, "excluded_lines": 0}, "missing_lines": [79, 105, 108, 118, 122, 132, 134, 137, 138, 141, 142, 143, 144, 145, 146, 150, 151, 178, 180, 183, 184, 185, 187, 188, 189, 190, 191, 192, 196, 197, 204, 205, 231, 232, 268, 269, 270, 271, 272], "excluded_lines": [], "functions": {"_is_skipped": {"executed_lines": [28], "summary": {"covered_lines": 1, "num_statements": 1, "percent_covered": 100.0, "percent_covered_display": "100", "missing_lines": 0, "excluded_lines": 0}, "missing_lines": [], "excluded_lines": []}, "skip_index_update": {"executed_lines": [51, 52, 53, 54, 56], "summary": {"covered_lines": 5, "num_statements": 5, "percent_covered": 100.0, "percent_covered_display": "100", "missing_lines": 0, "excluded_lines": 0}, "missing_lines": [], "excluded_lines": []}, "_get_auto_index_config": {"executed_lines": [61, 63], "summary": {"covered_lines": 2, "num_statements": 2, "percent_covered": 100.0, "percent_covered_display": "100", "missing_lines": 0, "excluded_lines": 0}, "missing_lines": [], "excluded_lines": []}, "_handle_post_save": {"executed_lines": [75, 76, 78, 82, 83, 84, 85, 86, 91, 93], "summary": {"covered_lines": 10, "num_statements": 11, "percent_covered": 90.9090909090909, "percent_covered_display": "91", "missing_lines": 1, "excluded_lines": 0}, "missing_lines": [79], "excluded_lines": []}, "_handle_post_delete": {"executed_lines": [104, 107, 110], "summary": {"covered_lines": 3, "num_statements": 5, "percent_covered": 60.0, "percent_covered_display": "60", "missing_lines": 2, "excluded_lines": 0}, "missing_lines": [105, 108], "excluded_lines": []}, "_index_instance": {"executed_lines": [115, 117, 125, 126, 128, 130, 131, 136, 154, 156, 157, 158, 159], "summary": {"covered_lines": 13, "num_statements": 27, "percent_covered": 48.148148148148145, "percent_covered_display": "48", "missing_lines": 14, "excluded_lines": 0}, "missing_lines": [118, 122, 132, 134, 137, 138, 141, 142, 143, 144, 145, 146, 150, 151], "excluded_lines": []}, "_remove_instance": {"executed_lines": [174, 176, 177, 182, 200, 202, 203], "summary": {"covered_lines": 7, "num_statements": 22, "percent_covered": 31.818181818181817, "percent_covered_display": "32", "missing_lines": 15, "excluded_lines": 0}, "missing_lines": [178, 180, 183, 184, 185, 187, 188, 189, 190, 191, 192, 196, 197, 204, 205], "excluded_lines": []}, "_ensure_index_exists": {"executed_lines": [215, 217, 218, 220, 226, 228, 229, 230], "summary": {"covered_lines": 8, "num_statements": 10, "percent_covered": 80.0, "percent_covered_display": "80", "missing_lines": 2, "excluded_lines": 0}, "missing_lines": [231, 232], "excluded_lines": []}, "_disconnect_signal": {"executed_lines": [249, 250, 251, 252, 253], "summary": {"covered_lines": 5, "num_statements": 5, "percent_covered": 100.0, "percent_covered_display": "100", "missing_lines": 0, "excluded_lines": 0}, "missing_lines": [], "excluded_lines": []}, "disconnect_auto_index_signals": {"executed_lines": [266, 274, 275, 276, 277, 278], "summary": {"covered_lines": 6, "num_statements": 11, "percent_covered": 54.54545454545455, "percent_covered_display": "55", "missing_lines": 5, "excluded_lines": 0}, "missing_lines": [268, 269, 270, 271, 272], "excluded_lines": []}, "connect_auto_index_signals": {"executed_lines": [295, 296, 297, 299, 300, 301, 302, 306, 308, 310, 311, 312, 313, 318, 321, 322, 327, 329, 330, 334, 336, 342, 348, 351, 355, 357, 363, 369, 372, 374], "summary": {"covered_lines": 30, "num_statements": 30, "percent_covered": 100.0, "percent_covered_display": "100", "missing_lines": 0, "excluded_lines": 0}, "missing_lines": [], "excluded_lines": []}, "connect_auto_index_signals.make_save_handler": {"executed_lines": [337, 340], "summary": {"covered_lines": 2, "num_statements": 2, "percent_covered": 100.0, "percent_covered_display": "100", "missing_lines": 0, "excluded_lines": 0}, "missing_lines": [], "excluded_lines": []}, "connect_auto_index_signals.make_save_handler.handler": {"executed_lines": [338], "summary": {"covered_lines": 1, "num_statements": 1, "percent_covered": 100.0, "percent_covered_display": "100", "missing_lines": 0, "excluded_lines": 0}, "missing_lines": [], "excluded_lines": []}, "connect_auto_index_signals.make_delete_handler": {"executed_lines": [358, 361], "summary": {"covered_lines": 2, "num_statements": 2, "percent_covered": 100.0, "percent_covered_display": "100", "missing_lines": 0, "excluded_lines": 0}, "missing_lines": [], "excluded_lines": []}, "connect_auto_index_signals.make_delete_handler.handler": {"executed_lines": [359], "summary": {"covered_lines": 1, "num_statements": 1, "percent_covered": 100.0, "percent_covered_display": "100", "missing_lines": 0, "excluded_lines": 0}, "missing_lines": [], "excluded_lines": []}, "": {"executed_lines": [1, 3, 5, 6, 7, 8, 9, 11, 12, 13, 15, 18, 23, 26, 31, 32, 59, 66, 96, 113, 167, 213, 235, 256, 281], "summary": {"covered_lines": 24, "num_statements": 24, "percent_covered": 100.0, "percent_covered_display": "100", "missing_lines": 0, "excluded_lines": 0}, "missing_lines": [], "excluded_lines": []}}, "classes": {"": {"executed_lines": [1, 3, 5, 6, 7, 8, 9, 11, 12, 13, 15, 18, 23, 26, 28, 31, 32, 51, 52, 53, 54, 56, 59, 61, 63, 66, 75, 76, 78, 82, 83, 84, 85, 86, 91, 93, 96, 104, 107, 110, 113, 115, 117, 125, 126, 128, 130, 131, 136, 154, 156, 157, 158, 159, 167, 174, 176, 177, 182, 200, 202, 203, 213, 215, 217, 218, 220, 226, 228, 229, 230, 235, 249, 250, 251, 252, 253, 256, 266, 274, 275, 276, 277, 278, 281, 295, 296, 297, 299, 300, 301, 302, 306, 308, 310, 311, 312, 313, 318, 321, 322, 327, 329, 330, 334, 336, 337, 338, 340, 342, 348, 351, 355, 357, 358, 359, 361, 363, 369, 372, 374], "summary": {"covered_lines": 120, "num_statements": 159, "percent_covered": 75.47169811320755, "percent_covered_display": "75", "missing_lines": 39, "excluded_lines": 0}, "missing_lines": [79, 105, 108, 118, 122, 132, 134, 137, 138, 141, 142, 143, 144, 145, 146, 150, 151, 178, 180, 183, 184, 185, 187, 188, 189, 190, 191, 192, 196, 197, 204, 205, 231, 232, 268, 269, 270, 271, 272], "excluded_lines": []}}}, "src/icv_search/backends/__init__.py": {"executed_lines": [1, 3, 5, 7, 9, 12, 15, 23, 24, 26, 28, 29, 34, 37, 40], "summary": {"covered_lines": 13, "num_statements": 13, "percent_covered": 100.0, "percent_covered_display": "100", "missing_lines": 0, "excluded_lines": 2}, "missing_lines": [], "excluded_lines": [9, 10], "functions": {"get_search_backend": {"executed_lines": [23, 24, 26, 28, 29, 34], "summary": {"covered_lines": 6, "num_statements": 6, "percent_covered": 100.0, "percent_covered_display": "100", "missing_lines": 0, "excluded_lines": 0}, "missing_lines": [], "excluded_lines": []}, "reset_search_backend": {"executed_lines": [40], "summary": {"covered_lines": 1, "num_statements": 1, "percent_covered": 100.0, "percent_covered_display": "100", "missing_lines": 0, "excluded_lines": 0}, "missing_lines": [], "excluded_lines": []}, "": {"executed_lines": [1, 3, 5, 7, 9, 12, 15, 37], "summary": {"covered_lines": 6, "num_statements": 6, "percent_covered": 100.0, "percent_covered_display": "100", "missing_lines": 0, "excluded_lines": 2}, "missing_lines": [], "excluded_lines": [9, 10]}}, "classes": {"": {"executed_lines": [1, 3, 5, 7, 9, 12, 15, 23, 24, 26, 28, 29, 34, 37, 40], "summary": {"covered_lines": 13, "num_statements": 13, "percent_covered": 100.0, "percent_covered_display": "100", "missing_lines": 0, "excluded_lines": 2}, "missing_lines": [], "excluded_lines": [9, 10]}}}, "src/icv_search/backends/base.py": {"executed_lines": [1, 3, 5, 6, 9, 10, 18, 19, 20, 21, 23, 24, 27, 28, 31, 32, 35, 36, 39, 40, 43, 44, 47, 48, 51, 52, 55, 56, 59, 60, 63], "summary": {"covered_lines": 29, "num_statements": 30, "percent_covered": 96.66666666666667, "percent_covered_display": "97", "missing_lines": 1, "excluded_lines": 0}, "missing_lines": [65], "excluded_lines": [], "functions": {"BaseSearchBackend.__init__": {"executed_lines": [19, 20, 21], "summary": {"covered_lines": 3, "num_statements": 3, "percent_covered": 100.0, "percent_covered_display": "100", "missing_lines": 0, "excluded_lines": 0}, "missing_lines": [], "excluded_lines": []}, "BaseSearchBackend.create_index": {"executed_lines": [], "summary": {"covered_lines": 0, "num_statements": 0, "percent_covered": 100.0, "percent_covered_display": "100", "missing_lines": 0, "excluded_lines": 0}, "missing_lines": [], "excluded_lines": []}, "BaseSearchBackend.delete_index": {"executed_lines": [], "summary": {"covered_lines": 0, "num_statements": 0, "percent_covered": 100.0, "percent_covered_display": "100", "missing_lines": 0, "excluded_lines": 0}, "missing_lines": [], "excluded_lines": []}, "BaseSearchBackend.update_settings": {"executed_lines": [], "summary": {"covered_lines": 0, "num_statements": 0, "percent_covered": 100.0, "percent_covered_display": "100", "missing_lines": 0, "excluded_lines": 0}, "missing_lines": [], "excluded_lines": []}, "BaseSearchBackend.get_settings": {"executed_lines": [], "summary": {"covered_lines": 0, "num_statements": 0, "percent_covered": 100.0, "percent_covered_display": "100", "missing_lines": 0, "excluded_lines": 0}, "missing_lines": [], "excluded_lines": []}, "BaseSearchBackend.add_documents": {"executed_lines": [], "summary": {"covered_lines": 0, "num_statements": 0, "percent_covered": 100.0, "percent_covered_display": "100", "missing_lines": 0, "excluded_lines": 0}, "missing_lines": [], "excluded_lines": []}, "BaseSearchBackend.delete_documents": {"executed_lines": [], "summary": {"covered_lines": 0, "num_statements": 0, "percent_covered": 100.0, "percent_covered_display": "100", "missing_lines": 0, "excluded_lines": 0}, "missing_lines": [], "excluded_lines": []}, "BaseSearchBackend.clear_documents": {"executed_lines": [], "summary": {"covered_lines": 0, "num_statements": 0, "percent_covered": 100.0, "percent_covered_display": "100", "missing_lines": 0, "excluded_lines": 0}, "missing_lines": [], "excluded_lines": []}, "BaseSearchBackend.search": {"executed_lines": [], "summary": {"covered_lines": 0, "num_statements": 0, "percent_covered": 100.0, "percent_covered_display": "100", "missing_lines": 0, "excluded_lines": 0}, "missing_lines": [], "excluded_lines": []}, "BaseSearchBackend.get_stats": {"executed_lines": [], "summary": {"covered_lines": 0, "num_statements": 0, "percent_covered": 100.0, "percent_covered_display": "100", "missing_lines": 0, "excluded_lines": 0}, "missing_lines": [], "excluded_lines": []}, "BaseSearchBackend.health": {"executed_lines": [], "summary": {"covered_lines": 0, "num_statements": 0, "percent_covered": 100.0, "percent_covered_display": "100", "missing_lines": 0, "excluded_lines": 0}, "missing_lines": [], "excluded_lines": []}, "BaseSearchBackend.get_task": {"executed_lines": [], "summary": {"covered_lines": 0, "num_statements": 1, "percent_covered": 0.0, "percent_covered_display": "0", "missing_lines": 1, "excluded_lines": 0}, "missing_lines": [65], "excluded_lines": []}, "": {"executed_lines": [1, 3, 5, 6, 9, 10, 18, 23, 24, 27, 28, 31, 32, 35, 36, 39, 40, 43, 44, 47, 48, 51, 52, 55, 56, 59, 60, 63], "summary": {"covered_lines": 26, "num_statements": 26, "percent_covered": 100.0, "percent_covered_display": "100", "missing_lines": 0, "excluded_lines": 0}, "missing_lines": [], "excluded_lines": []}}, "classes": {"BaseSearchBackend": {"executed_lines": [19, 20, 21], "summary": {"covered_lines": 3, "num_statements": 4, "percent_covered": 75.0, "percent_covered_display": "75", "missing_lines": 1, "excluded_lines": 0}, "missing_lines": [65], "excluded_lines": []}, "": {"executed_lines": [1, 3, 5, 6, 9, 10, 18, 23, 24, 27, 28, 31, 32, 35, 36, 39, 40, 43, 44, 47, 48, 51, 52, 55, 56, 59, 60, 63], "summary": {"covered_lines": 26, "num_statements": 26, "percent_covered": 100.0, "percent_covered_display": "100", "missing_lines": 0, "excluded_lines": 0}, "missing_lines": [], "excluded_lines": []}}}, "src/icv_search/backends/dummy.py": {"executed_lines": [1, 8, 10, 11, 12, 14, 15, 19, 20, 21, 24, 25, 27, 28, 30, 31, 32, 33, 34, 36, 37, 38, 39, 41, 42, 43, 45, 46, 48, 49, 50, 51, 52, 53, 54, 56, 57, 58, 59, 60, 62, 64, 65, 66, 68, 69, 72, 73, 74, 75, 76, 77, 78, 79, 80, 83, 84, 85, 88, 89, 90, 93, 94, 95, 96, 103, 104, 109, 110, 112, 113, 115, 116, 118, 119, 120], "summary": {"covered_lines": 74, "num_statements": 74, "percent_covered": 100.0, "percent_covered_display": "100", "missing_lines": 0, "excluded_lines": 0}, "missing_lines": [], "excluded_lines": [], "functions": {"DummyBackend.__init__": {"executed_lines": [28], "summary": {"covered_lines": 1, "num_statements": 1, "percent_covered": 100.0, "percent_covered_display": "100", "missing_lines": 0, "excluded_lines": 0}, "missing_lines": [], "excluded_lines": []}, "DummyBackend.create_index": {"executed_lines": [31, 32, 33, 34], "summary": {"covered_lines": 4, "num_statements": 4, "percent_covered": 100.0, "percent_covered_display": "100", "missing_lines": 0, "excluded_lines": 0}, "missing_lines": [], "excluded_lines": []}, "DummyBackend.delete_index": {"executed_lines": [37, 38, 39], "summary": {"covered_lines": 3, "num_statements": 3, "percent_covered": 100.0, "percent_covered_display": "100", "missing_lines": 0, "excluded_lines": 0}, "missing_lines": [], "excluded_lines": []}, "DummyBackend.update_settings": {"executed_lines": [42, 43], "summary": {"covered_lines": 2, "num_statements": 2, "percent_covered": 100.0, "percent_covered_display": "100", "missing_lines": 0, "excluded_lines": 0}, "missing_lines": [], "excluded_lines": []}, "DummyBackend.get_settings": {"executed_lines": [46], "summary": {"covered_lines": 1, "num_statements": 1, "percent_covered": 100.0, "percent_covered_display": "100", "missing_lines": 0, "excluded_lines": 0}, "missing_lines": [], "excluded_lines": []}, "DummyBackend.add_documents": {"executed_lines": [49, 50, 51, 52, 53, 54], "summary": {"covered_lines": 6, "num_statements": 6, "percent_covered": 100.0, "percent_covered_display": "100", "missing_lines": 0, "excluded_lines": 0}, "missing_lines": [], "excluded_lines": []}, "DummyBackend.delete_documents": {"executed_lines": [57, 58, 59, 60], "summary": {"covered_lines": 4, "num_statements": 4, "percent_covered": 100.0, "percent_covered_display": "100", "missing_lines": 0, "excluded_lines": 0}, "missing_lines": [], "excluded_lines": []}, "DummyBackend.clear_documents": {"executed_lines": [64, 65, 66], "summary": {"covered_lines": 3, "num_statements": 3, "percent_covered": 100.0, "percent_covered_display": "100", "missing_lines": 0, "excluded_lines": 0}, "missing_lines": [], "excluded_lines": []}, "DummyBackend.search": {"executed_lines": [69, 72, 73, 74, 75, 76, 77, 78, 79, 80, 83, 84, 85, 88, 89, 90, 93, 94, 95, 96], "summary": {"covered_lines": 20, "num_statements": 20, "percent_covered": 100.0, "percent_covered_display": "100", "missing_lines": 0, "excluded_lines": 0}, "missing_lines": [], "excluded_lines": []}, "DummyBackend.get_stats": {"executed_lines": [104], "summary": {"covered_lines": 1, "num_statements": 1, "percent_covered": 100.0, "percent_covered_display": "100", "missing_lines": 0, "excluded_lines": 0}, "missing_lines": [], "excluded_lines": []}, "DummyBackend.health": {"executed_lines": [110], "summary": {"covered_lines": 1, "num_statements": 1, "percent_covered": 100.0, "percent_covered_display": "100", "missing_lines": 0, "excluded_lines": 0}, "missing_lines": [], "excluded_lines": []}, "DummyBackend.get_task": {"executed_lines": [113], "summary": {"covered_lines": 1, "num_statements": 1, "percent_covered": 100.0, "percent_covered_display": "100", "missing_lines": 0, "excluded_lines": 0}, "missing_lines": [], "excluded_lines": []}, "DummyBackend.reset": {"executed_lines": [118, 119, 120], "summary": {"covered_lines": 3, "num_statements": 3, "percent_covered": 100.0, "percent_covered_display": "100", "missing_lines": 0, "excluded_lines": 0}, "missing_lines": [], "excluded_lines": []}, "": {"executed_lines": [1, 8, 10, 11, 12, 14, 15, 19, 20, 21, 24, 25, 27, 30, 36, 41, 45, 48, 56, 62, 68, 103, 109, 112, 115, 116], "summary": {"covered_lines": 24, "num_statements": 24, "percent_covered": 100.0, "percent_covered_display": "100", "missing_lines": 0, "excluded_lines": 0}, "missing_lines": [], "excluded_lines": []}}, "classes": {"DummyBackend": {"executed_lines": [28, 31, 32, 33, 34, 37, 38, 39, 42, 43, 46, 49, 50, 51, 52, 53, 54, 57, 58, 59, 60, 64, 65, 66, 69, 72, 73, 74, 75, 76, 77, 78, 79, 80, 83, 84, 85, 88, 89, 90, 93, 94, 95, 96, 104, 110, 113, 118, 119, 120], "summary": {"covered_lines": 50, "num_statements": 50, "percent_covered": 100.0, "percent_covered_display": "100", "missing_lines": 0, "excluded_lines": 0}, "missing_lines": [], "excluded_lines": []}, "": {"executed_lines": [1, 8, 10, 11, 12, 14, 15, 19, 20, 21, 24, 25, 27, 30, 36, 41, 45, 48, 56, 62, 68, 103, 109, 112, 115, 116], "summary": {"covered_lines": 24, "num_statements": 24, "percent_covered": 100.0, "percent_covered_display": "100", "missing_lines": 0, "excluded_lines": 0}, "missing_lines": [], "excluded_lines": []}}}, "src/icv_search/backends/filters.py": {"executed_lines": [1, 25, 27, 30, 42, 43, 45, 46, 48, 49, 50, 51, 52, 53, 54, 55, 56, 57, 58, 60, 62, 65, 77, 78, 80, 81, 83, 84, 85, 87, 88, 89, 91, 93, 96, 112, 113, 115, 116, 117, 118, 119, 122, 124, 125, 127, 129, 130, 131, 132, 133, 134, 135, 136, 137, 140, 141, 142, 144, 145, 147, 150, 163, 164, 167, 168, 169, 170, 171, 172, 174, 175, 176, 178, 179, 181, 183, 186, 188, 189, 190, 192, 193, 194], "summary": {"covered_lines": 83, "num_statements": 86, "percent_covered": 96.51162790697674, "percent_covered_display": "97", "missing_lines": 3, "excluded_lines": 0}, "missing_lines": [138, 139, 191], "excluded_lines": [], "functions": {"translate_filter_to_meilisearch": {"executed_lines": [42, 43, 45, 46, 48, 49, 50, 51, 52, 53, 54, 55, 56, 57, 58, 60, 62], "summary": {"covered_lines": 17, "num_statements": 17, "percent_covered": 100.0, "percent_covered_display": "100", "missing_lines": 0, "excluded_lines": 0}, "missing_lines": [], "excluded_lines": []}, "translate_sort_to_meilisearch": {"executed_lines": [77, 78, 80, 81, 83, 84, 85, 87, 88, 89, 91, 93], "summary": {"covered_lines": 12, "num_statements": 12, "percent_covered": 100.0, "percent_covered_display": "100", "missing_lines": 0, "excluded_lines": 0}, "missing_lines": [], "excluded_lines": []}, "apply_filters_to_documents": {"executed_lines": [112, 113, 115, 116, 117, 118, 119], "summary": {"covered_lines": 7, "num_statements": 7, "percent_covered": 100.0, "percent_covered_display": "100", "missing_lines": 0, "excluded_lines": 0}, "missing_lines": [], "excluded_lines": []}, "_matches_filters": {"executed_lines": [124, 125, 127, 129, 130, 131, 132, 133, 134, 135, 136, 137, 140, 141, 142, 144, 145, 147], "summary": {"covered_lines": 18, "num_statements": 20, "percent_covered": 90.0, "percent_covered_display": "90", "missing_lines": 2, "excluded_lines": 0}, "missing_lines": [138, 139], "excluded_lines": []}, "apply_sort_to_documents": {"executed_lines": [163, 164, 167, 168, 169, 170, 171, 172, 174, 175, 176, 178, 179, 181, 183], "summary": {"covered_lines": 15, "num_statements": 15, "percent_covered": 100.0, "percent_covered_display": "100", "missing_lines": 0, "excluded_lines": 0}, "missing_lines": [], "excluded_lines": []}, "_sort_key": {"executed_lines": [188, 189, 190, 192, 193, 194], "summary": {"covered_lines": 6, "num_statements": 7, "percent_covered": 85.71428571428571, "percent_covered_display": "86", "missing_lines": 1, "excluded_lines": 0}, "missing_lines": [191], "excluded_lines": []}, "": {"executed_lines": [1, 25, 27, 30, 65, 96, 122, 150, 186], "summary": {"covered_lines": 8, "num_statements": 8, "percent_covered": 100.0, "percent_covered_display": "100", "missing_lines": 0, "excluded_lines": 0}, "missing_lines": [], "excluded_lines": []}}, "classes": {"": {"executed_lines": [1, 25, 27, 30, 42, 43, 45, 46, 48, 49, 50, 51, 52, 53, 54, 55, 56, 57, 58, 60, 62, 65, 77, 78, 80, 81, 83, 84, 85, 87, 88, 89, 91, 93, 96, 112, 113, 115, 116, 117, 118, 119, 122, 124, 125, 127, 129, 130, 131, 132, 133, 134, 135, 136, 137, 140, 141, 142, 144, 145, 147, 150, 163, 164, 167, 168, 169, 170, 171, 172, 174, 175, 176, 178, 179, 181, 183, 186, 188, 189, 190, 192, 193, 194], "summary": {"covered_lines": 83, "num_statements": 86, "percent_covered": 96.51162790697674, "percent_covered_display": "97", "missing_lines": 3, "excluded_lines": 0}, "missing_lines": [138, 139, 191], "excluded_lines": []}}}, "src/icv_search/backends/meilisearch.py": {"executed_lines": [1, 3, 5, 6, 8, 10, 11, 12, 14, 17, 18, 24, 25, 26, 32, 33, 34, 35, 36, 38, 40, 41, 42, 43, 44, 45, 47, 48, 49, 50, 51, 53, 54, 55, 57, 58, 60, 61, 63, 66, 67, 69, 77, 80, 84, 86, 90, 93, 94, 96, 99, 100, 101, 102, 103, 104, 106, 107], "summary": {"covered_lines": 56, "num_statements": 63, "percent_covered": 88.88888888888889, "percent_covered_display": "89", "missing_lines": 7, "excluded_lines": 0}, "missing_lines": [64, 70, 78, 82, 87, 91, 97], "excluded_lines": [], "functions": {"MeilisearchBackend.__init__": {"executed_lines": [25, 26], "summary": {"covered_lines": 2, "num_statements": 2, "percent_covered": 100.0, "percent_covered_display": "100", "missing_lines": 0, "excluded_lines": 0}, "missing_lines": [], "excluded_lines": []}, "MeilisearchBackend._build_headers": {"executed_lines": [33, 34, 35, 36], "summary": {"covered_lines": 4, "num_statements": 4, "percent_covered": 100.0, "percent_covered_display": "100", "missing_lines": 0, "excluded_lines": 0}, "missing_lines": [], "excluded_lines": []}, "MeilisearchBackend._request": {"executed_lines": [40, 41, 42, 43, 44, 45, 47, 48, 49, 50, 51, 53, 54, 55], "summary": {"covered_lines": 14, "num_statements": 14, "percent_covered": 100.0, "percent_covered_display": "100", "missing_lines": 0, "excluded_lines": 0}, "missing_lines": [], "excluded_lines": []}, "MeilisearchBackend.create_index": {"executed_lines": [58], "summary": {"covered_lines": 1, "num_statements": 1, "percent_covered": 100.0, "percent_covered_display": "100", "missing_lines": 0, "excluded_lines": 0}, "missing_lines": [], "excluded_lines": []}, "MeilisearchBackend.delete_index": {"executed_lines": [61], "summary": {"covered_lines": 1, "num_statements": 1, "percent_covered": 100.0, "percent_covered_display": "100", "missing_lines": 0, "excluded_lines": 0}, "missing_lines": [], "excluded_lines": []}, "MeilisearchBackend.update_settings": {"executed_lines": [], "summary": {"covered_lines": 0, "num_statements": 1, "percent_covered": 0.0, "percent_covered_display": "0", "missing_lines": 1, "excluded_lines": 0}, "missing_lines": [64], "excluded_lines": []}, "MeilisearchBackend.get_settings": {"executed_lines": [67], "summary": {"covered_lines": 1, "num_statements": 1, "percent_covered": 100.0, "percent_covered_display": "100", "missing_lines": 0, "excluded_lines": 0}, "missing_lines": [], "excluded_lines": []}, "MeilisearchBackend.add_documents": {"executed_lines": [], "summary": {"covered_lines": 0, "num_statements": 1, "percent_covered": 0.0, "percent_covered_display": "0", "missing_lines": 1, "excluded_lines": 0}, "missing_lines": [70], "excluded_lines": []}, "MeilisearchBackend.delete_documents": {"executed_lines": [], "summary": {"covered_lines": 0, "num_statements": 1, "percent_covered": 0.0, "percent_covered_display": "0", "missing_lines": 1, "excluded_lines": 0}, "missing_lines": [78], "excluded_lines": []}, "MeilisearchBackend.clear_documents": {"executed_lines": [], "summary": {"covered_lines": 0, "num_statements": 1, "percent_covered": 0.0, "percent_covered_display": "0", "missing_lines": 1, "excluded_lines": 0}, "missing_lines": [82], "excluded_lines": []}, "MeilisearchBackend.search": {"executed_lines": [86, 90, 93, 94], "summary": {"covered_lines": 4, "num_statements": 6, "percent_covered": 66.66666666666667, "percent_covered_display": "67", "missing_lines": 2, "excluded_lines": 0}, "missing_lines": [87, 91], "excluded_lines": []}, "MeilisearchBackend.get_stats": {"executed_lines": [], "summary": {"covered_lines": 0, "num_statements": 1, "percent_covered": 0.0, "percent_covered_display": "0", "missing_lines": 1, "excluded_lines": 0}, "missing_lines": [97], "excluded_lines": []}, "MeilisearchBackend.health": {"executed_lines": [100, 101, 102, 103, 104], "summary": {"covered_lines": 5, "num_statements": 5, "percent_covered": 100.0, "percent_covered_display": "100", "missing_lines": 0, "excluded_lines": 0}, "missing_lines": [], "excluded_lines": []}, "MeilisearchBackend.get_task": {"executed_lines": [107], "summary": {"covered_lines": 1, "num_statements": 1, "percent_covered": 100.0, "percent_covered_display": "100", "missing_lines": 0, "excluded_lines": 0}, "missing_lines": [], "excluded_lines": []}, "": {"executed_lines": [1, 3, 5, 6, 8, 10, 11, 12, 14, 17, 18, 24, 32, 38, 57, 60, 63, 66, 69, 77, 80, 84, 96, 99, 106], "summary": {"covered_lines": 23, "num_statements": 23, "percent_covered": 100.0, "percent_covered_display": "100", "missing_lines": 0, "excluded_lines": 0}, "missing_lines": [], "excluded_lines": []}}, "classes": {"MeilisearchBackend": {"executed_lines": [25, 26, 33, 34, 35, 36, 40, 41, 42, 43, 44, 45, 47, 48, 49, 50, 51, 53, 54, 55, 58, 61, 67, 86, 90, 93, 94, 100, 101, 102, 103, 104, 107], "summary": {"covered_lines": 33, "num_statements": 40, "percent_covered": 82.5, "percent_covered_display": "82", "missing_lines": 7, "excluded_lines": 0}, "missing_lines": [64, 70, 78, 82, 87, 91, 97], "excluded_lines": []}, "": {"executed_lines": [1, 3, 5, 6, 8, 10, 11, 12, 14, 17, 18, 24, 32, 38, 57, 60, 63, 66, 69, 77, 80, 84, 96, 99, 106], "summary": {"covered_lines": 23, "num_statements": 23, "percent_covered": 100.0, "percent_covered_display": "100", "missing_lines": 0, "excluded_lines": 0}, "missing_lines": [], "excluded_lines": []}}}, "src/icv_search/backends/postgres.py": {"executed_lines": [1, 27, 29, 30, 31, 32, 34, 36, 37, 39, 42, 43, 46, 47, 62, 70, 121, 146, 155, 180, 205, 256, 281, 299, 431, 448, 458, 466, 474], "summary": {"covered_lines": 27, "num_statements": 181, "percent_covered": 14.917127071823204, "percent_covered_display": "15", "missing_lines": 154, "excluded_lines": 0}, "missing_lines": [63, 64, 75, 77, 92, 99, 106, 126, 127, 128, 137, 138, 140, 148, 149, 150, 151, 152, 153, 160, 161, 162, 163, 167, 168, 169, 170, 171, 172, 174, 185, 186, 187, 191, 192, 193, 195, 196, 198, 199, 218, 219, 225, 227, 228, 229, 230, 231, 232, 234, 247, 248, 250, 258, 259, 265, 266, 267, 268, 272, 273, 275, 283, 284, 285, 286, 287, 289, 331, 333, 334, 335, 336, 339, 340, 342, 343, 344, 346, 347, 348, 349, 350, 351, 352, 353, 354, 355, 356, 357, 359, 360, 361, 363, 365, 368, 369, 371, 372, 373, 375, 376, 377, 378, 379, 381, 382, 384, 387, 388, 389, 393, 396, 397, 398, 407, 408, 409, 411, 412, 413, 414, 416, 418, 433, 434, 435, 439, 440, 441, 443, 450, 451, 452, 453, 454, 455, 456, 460, 468, 469, 470, 471, 472, 480, 481, 482, 483, 484, 485, 487, 488, 489, 490], "excluded_lines": [], "functions": {"PostgresBackend.__init__": {"executed_lines": [], "summary": {"covered_lines": 0, "num_statements": 2, "percent_covered": 0.0, "percent_covered_display": "0", "missing_lines": 2, "excluded_lines": 0}, "missing_lines": [63, 64], "excluded_lines": []}, "PostgresBackend._ensure_tables": {"executed_lines": [], "summary": {"covered_lines": 0, "num_statements": 5, "percent_covered": 0.0, "percent_covered_display": "0", "missing_lines": 5, "excluded_lines": 0}, "missing_lines": [75, 77, 92, 99, 106], "excluded_lines": []}, "PostgresBackend.create_index": {"executed_lines": [], "summary": {"covered_lines": 0, "num_statements": 6, "percent_covered": 0.0, "percent_covered_display": "0", "missing_lines": 6, "excluded_lines": 0}, "missing_lines": [126, 127, 128, 137, 138, 140], "excluded_lines": []}, "PostgresBackend.delete_index": {"executed_lines": [], "summary": {"covered_lines": 0, "num_statements": 6, "percent_covered": 0.0, "percent_covered_display": "0", "missing_lines": 6, "excluded_lines": 0}, "missing_lines": [148, 149, 150, 151, 152, 153], "excluded_lines": []}, "PostgresBackend.update_settings": {"executed_lines": [], "summary": {"covered_lines": 0, "num_statements": 11, "percent_covered": 0.0, "percent_covered_display": "0", "missing_lines": 11, "excluded_lines": 0}, "missing_lines": [160, 161, 162, 163, 167, 168, 169, 170, 171, 172, 174], "excluded_lines": []}, "PostgresBackend.get_settings": {"executed_lines": [], "summary": {"covered_lines": 0, "num_statements": 10, "percent_covered": 0.0, "percent_covered_display": "0", "missing_lines": 10, "excluded_lines": 0}, "missing_lines": [185, 186, 187, 191, 192, 193, 195, 196, 198, 199], "excluded_lines": []}, "PostgresBackend.add_documents": {"executed_lines": [], "summary": {"covered_lines": 0, "num_statements": 13, "percent_covered": 0.0, "percent_covered_display": "0", "missing_lines": 13, "excluded_lines": 0}, "missing_lines": [218, 219, 225, 227, 228, 229, 230, 231, 232, 234, 247, 248, 250], "excluded_lines": []}, "PostgresBackend.delete_documents": {"executed_lines": [], "summary": {"covered_lines": 0, "num_statements": 9, "percent_covered": 0.0, "percent_covered_display": "0", "missing_lines": 9, "excluded_lines": 0}, "missing_lines": [258, 259, 265, 266, 267, 268, 272, 273, 275], "excluded_lines": []}, "PostgresBackend.clear_documents": {"executed_lines": [], "summary": {"covered_lines": 0, "num_statements": 6, "percent_covered": 0.0, "percent_covered_display": "0", "missing_lines": 6, "excluded_lines": 0}, "missing_lines": [283, 284, 285, 286, 287, 289], "excluded_lines": []}, "PostgresBackend.search": {"executed_lines": [], "summary": {"covered_lines": 0, "num_statements": 56, "percent_covered": 0.0, "percent_covered_display": "0", "missing_lines": 56, "excluded_lines": 0}, "missing_lines": [331, 333, 334, 335, 336, 339, 340, 342, 343, 344, 346, 347, 348, 349, 350, 351, 352, 353, 354, 355, 356, 357, 359, 360, 361, 363, 365, 368, 369, 371, 372, 373, 375, 376, 377, 378, 379, 381, 382, 384, 387, 388, 389, 393, 396, 397, 398, 407, 408, 409, 411, 412, 413, 414, 416, 418], "excluded_lines": []}, "PostgresBackend.get_stats": {"executed_lines": [], "summary": {"covered_lines": 0, "num_statements": 7, "percent_covered": 0.0, "percent_covered_display": "0", "missing_lines": 7, "excluded_lines": 0}, "missing_lines": [433, 434, 435, 439, 440, 441, 443], "excluded_lines": []}, "PostgresBackend.health": {"executed_lines": [], "summary": {"covered_lines": 0, "num_statements": 7, "percent_covered": 0.0, "percent_covered_display": "0", "missing_lines": 7, "excluded_lines": 0}, "missing_lines": [450, 451, 452, 453, 454, 455, 456], "excluded_lines": []}, "PostgresBackend.get_task": {"executed_lines": [], "summary": {"covered_lines": 0, "num_statements": 1, "percent_covered": 0.0, "percent_covered_display": "0", "missing_lines": 1, "excluded_lines": 0}, "missing_lines": [460], "excluded_lines": []}, "PostgresBackend._get_searchable_fields": {"executed_lines": [], "summary": {"covered_lines": 0, "num_statements": 5, "percent_covered": 0.0, "percent_covered_display": "0", "missing_lines": 5, "excluded_lines": 0}, "missing_lines": [468, 469, 470, 471, 472], "excluded_lines": []}, "PostgresBackend._build_search_text": {"executed_lines": [], "summary": {"covered_lines": 0, "num_statements": 10, "percent_covered": 0.0, "percent_covered_display": "0", "missing_lines": 10, "excluded_lines": 0}, "missing_lines": [480, 481, 482, 483, 484, 485, 487, 488, 489, 490], "excluded_lines": []}, "": {"executed_lines": [1, 27, 29, 30, 31, 32, 34, 36, 37, 39, 42, 43, 46, 47, 62, 70, 121, 146, 155, 180, 205, 256, 281, 299, 431, 448, 458, 466, 474], "summary": {"covered_lines": 27, "num_statements": 27, "percent_covered": 100.0, "percent_covered_display": "100", "missing_lines": 0, "excluded_lines": 0}, "missing_lines": [], "excluded_lines": []}}, "classes": {"PostgresBackend": {"executed_lines": [], "summary": {"covered_lines": 0, "num_statements": 154, "percent_covered": 0.0, "percent_covered_display": "0", "missing_lines": 154, "excluded_lines": 0}, "missing_lines": [63, 64, 75, 77, 92, 99, 106, 126, 127, 128, 137, 138, 140, 148, 149, 150, 151, 152, 153, 160, 161, 162, 163, 167, 168, 169, 170, 171, 172, 174, 185, 186, 187, 191, 192, 193, 195, 196, 198, 199, 218, 219, 225, 227, 228, 229, 230, 231, 232, 234, 247, 248, 250, 258, 259, 265, 266, 267, 268, 272, 273, 275, 283, 284, 285, 286, 287, 289, 331, 333, 334, 335, 336, 339, 340, 342, 343, 344, 346, 347, 348, 349, 350, 351, 352, 353, 354, 355, 356, 357, 359, 360, 361, 363, 365, 368, 369, 371, 372, 373, 375, 376, 377, 378, 379, 381, 382, 384, 387, 388, 389, 393, 396, 397, 398, 407, 408, 409, 411, 412, 413, 414, 416, 418, 433, 434, 435, 439, 440, 441, 443, 450, 451, 452, 453, 454, 455, 456, 460, 468, 469, 470, 471, 472, 480, 481, 482, 483, 484, 485, 487, 488, 489, 490], "excluded_lines": []}, "": {"executed_lines": [1, 27, 29, 30, 31, 32, 34, 36, 37, 39, 42, 43, 46, 47, 62, 70, 121, 146, 155, 180, 205, 256, 281, 299, 431, 448, 458, 466, 474], "summary": {"covered_lines": 27, "num_statements": 27, "percent_covered": 100.0, "percent_covered_display": "100", "missing_lines": 0, "excluded_lines": 0}, "missing_lines": [], "excluded_lines": []}}}, "src/icv_search/conf.py": {"executed_lines": [1, 11, 14, 17, 20, 23, 27, 30, 33, 36, 55], "summary": {"covered_lines": 10, "num_statements": 10, "percent_covered": 100.0, "percent_covered_display": "100", "missing_lines": 0, "excluded_lines": 0}, "missing_lines": [], "excluded_lines": [], "functions": {"": {"executed_lines": [1, 11, 14, 17, 20, 23, 27, 30, 33, 36, 55], "summary": {"covered_lines": 10, "num_statements": 10, "percent_covered": 100.0, "percent_covered_display": "100", "missing_lines": 0, "excluded_lines": 0}, "missing_lines": [], "excluded_lines": []}}, "classes": {"": {"executed_lines": [1, 11, 14, 17, 20, 23, 27, 30, 33, 36, 55], "summary": {"covered_lines": 10, "num_statements": 10, "percent_covered": 100.0, "percent_covered_display": "100", "missing_lines": 0, "excluded_lines": 0}, "missing_lines": [], "excluded_lines": []}}}, "src/icv_search/exceptions.py": {"executed_lines": [1, 4, 5, 8, 9, 11, 12, 13, 16, 17, 20, 21], "summary": {"covered_lines": 7, "num_statements": 7, "percent_covered": 100.0, "percent_covered_display": "100", "missing_lines": 0, "excluded_lines": 0}, "missing_lines": [], "excluded_lines": [], "functions": {"SearchBackendError.__init__": {"executed_lines": [12, 13], "summary": {"covered_lines": 2, "num_statements": 2, "percent_covered": 100.0, "percent_covered_display": "100", "missing_lines": 0, "excluded_lines": 0}, "missing_lines": [], "excluded_lines": []}, "": {"executed_lines": [1, 4, 5, 8, 9, 11, 16, 17, 20, 21], "summary": {"covered_lines": 5, "num_statements": 5, "percent_covered": 100.0, "percent_covered_display": "100", "missing_lines": 0, "excluded_lines": 0}, "missing_lines": [], "excluded_lines": []}}, "classes": {"IcvSearchError": {"executed_lines": [], "summary": {"covered_lines": 0, "num_statements": 0, "percent_covered": 100.0, "percent_covered_display": "100", "missing_lines": 0, "excluded_lines": 0}, "missing_lines": [], "excluded_lines": []}, "SearchBackendError": {"executed_lines": [12, 13], "summary": {"covered_lines": 2, "num_statements": 2, "percent_covered": 100.0, "percent_covered_display": "100", "missing_lines": 0, "excluded_lines": 0}, "missing_lines": [], "excluded_lines": []}, "IndexNotFoundError": {"executed_lines": [], "summary": {"covered_lines": 0, "num_statements": 0, "percent_covered": 100.0, "percent_covered_display": "100", "missing_lines": 0, "excluded_lines": 0}, "missing_lines": [], "excluded_lines": []}, "SearchTimeoutError": {"executed_lines": [], "summary": {"covered_lines": 0, "num_statements": 0, "percent_covered": 100.0, "percent_covered_display": "100", "missing_lines": 0, "excluded_lines": 0}, "missing_lines": [], "excluded_lines": []}, "": {"executed_lines": [1, 4, 5, 8, 9, 11, 16, 17, 20, 21], "summary": {"covered_lines": 5, "num_statements": 5, "percent_covered": 100.0, "percent_covered_display": "100", "missing_lines": 0, "excluded_lines": 0}, "missing_lines": [], "excluded_lines": []}}}, "src/icv_search/handlers.py": {"executed_lines": [1, 3, 5, 6, 8, 11, 12, 14, 16, 17], "summary": {"covered_lines": 9, "num_statements": 26, "percent_covered": 34.61538461538461, "percent_covered_display": "35", "missing_lines": 17, "excluded_lines": 0}, "missing_lines": [19, 20, 22, 25, 26, 28, 30, 32, 33, 34, 36, 37, 38, 42, 44, 46, 48], "excluded_lines": [], "functions": {"on_search_index_save": {"executed_lines": [14, 16, 17], "summary": {"covered_lines": 3, "num_statements": 20, "percent_covered": 15.0, "percent_covered_display": "15", "missing_lines": 17, "excluded_lines": 0}, "missing_lines": [19, 20, 22, 25, 26, 28, 30, 32, 33, 34, 36, 37, 38, 42, 44, 46, 48], "excluded_lines": []}, "": {"executed_lines": [1, 3, 5, 6, 8, 11, 12], "summary": {"covered_lines": 6, "num_statements": 6, "percent_covered": 100.0, "percent_covered_display": "100", "missing_lines": 0, "excluded_lines": 0}, "missing_lines": [], "excluded_lines": []}}, "classes": {"": {"executed_lines": [1, 3, 5, 6, 8, 11, 12, 14, 16, 17], "summary": {"covered_lines": 9, "num_statements": 26, "percent_covered": 34.61538461538461, "percent_covered_display": "35", "missing_lines": 17, "excluded_lines": 0}, "missing_lines": [19, 20, 22, 25, 26, 28, 30, 32, 33, 34, 36, 37, 38, 42, 44, 46, 48], "excluded_lines": []}}}, "src/icv_search/management/__init__.py": {"executed_lines": [0], "summary": {"covered_lines": 0, "num_statements": 0, "percent_covered": 100.0, "percent_covered_display": "100", "missing_lines": 0, "excluded_lines": 0}, "missing_lines": [], "excluded_lines": [], "functions": {"": {"executed_lines": [], "summary": {"covered_lines": 0, "num_statements": 0, "percent_covered": 100.0, "percent_covered_display": "100", "missing_lines": 0, "excluded_lines": 0}, "missing_lines": [], "excluded_lines": []}}, "classes": {"": {"executed_lines": [], "summary": {"covered_lines": 0, "num_statements": 0, "percent_covered": 100.0, "percent_covered_display": "100", "missing_lines": 0, "excluded_lines": 0}, "missing_lines": [], "excluded_lines": []}}}, "src/icv_search/management/commands/__init__.py": {"executed_lines": [0], "summary": {"covered_lines": 0, "num_statements": 0, "percent_covered": 100.0, "percent_covered_display": "100", "missing_lines": 0, "excluded_lines": 0}, "missing_lines": [], "excluded_lines": [], "functions": {"": {"executed_lines": [], "summary": {"covered_lines": 0, "num_statements": 0, "percent_covered": 100.0, "percent_covered_display": "100", "missing_lines": 0, "excluded_lines": 0}, "missing_lines": [], "excluded_lines": []}}, "classes": {"": {"executed_lines": [], "summary": {"covered_lines": 0, "num_statements": 0, "percent_covered": 100.0, "percent_covered_display": "100", "missing_lines": 0, "excluded_lines": 0}, "missing_lines": [], "excluded_lines": []}}}, "src/icv_search/management/commands/icv_search_clear.py": {"executed_lines": [1, 3, 5, 6, 9, 10, 12, 13, 19, 26, 27, 28, 32, 33, 35, 36, 37, 39], "summary": {"covered_lines": 17, "num_statements": 17, "percent_covered": 100.0, "percent_covered_display": "100", "missing_lines": 0, "excluded_lines": 0}, "missing_lines": [], "excluded_lines": [], "functions": {"Command.add_arguments": {"executed_lines": [13, 19], "summary": {"covered_lines": 2, "num_statements": 2, "percent_covered": 100.0, "percent_covered_display": "100", "missing_lines": 0, "excluded_lines": 0}, "missing_lines": [], "excluded_lines": []}, "Command.handle": {"executed_lines": [27, 28, 32, 33, 35, 36, 37, 39], "summary": {"covered_lines": 8, "num_statements": 8, "percent_covered": 100.0, "percent_covered_display": "100", "missing_lines": 0, "excluded_lines": 0}, "missing_lines": [], "excluded_lines": []}, "": {"executed_lines": [1, 3, 5, 6, 9, 10, 12, 26], "summary": {"covered_lines": 7, "num_statements": 7, "percent_covered": 100.0, "percent_covered_display": "100", "missing_lines": 0, "excluded_lines": 0}, "missing_lines": [], "excluded_lines": []}}, "classes": {"Command": {"executed_lines": [13, 19, 27, 28, 32, 33, 35, 36, 37, 39], "summary": {"covered_lines": 10, "num_statements": 10, "percent_covered": 100.0, "percent_covered_display": "100", "missing_lines": 0, "excluded_lines": 0}, "missing_lines": [], "excluded_lines": []}, "": {"executed_lines": [1, 3, 5, 6, 9, 10, 12, 26], "summary": {"covered_lines": 7, "num_statements": 7, "percent_covered": 100.0, "percent_covered_display": "100", "missing_lines": 0, "excluded_lines": 0}, "missing_lines": [], "excluded_lines": []}}}, "src/icv_search/management/commands/icv_search_create_index.py": {"executed_lines": [1, 3, 5, 8, 9, 11, 12, 18, 24, 31, 32, 37], "summary": {"covered_lines": 11, "num_statements": 11, "percent_covered": 100.0, "percent_covered_display": "100", "missing_lines": 0, "excluded_lines": 0}, "missing_lines": [], "excluded_lines": [], "functions": {"Command.add_arguments": {"executed_lines": [12, 18, 24], "summary": {"covered_lines": 3, "num_statements": 3, "percent_covered": 100.0, "percent_covered_display": "100", "missing_lines": 0, "excluded_lines": 0}, "missing_lines": [], "excluded_lines": []}, "Command.handle": {"executed_lines": [32, 37], "summary": {"covered_lines": 2, "num_statements": 2, "percent_covered": 100.0, "percent_covered_display": "100", "missing_lines": 0, "excluded_lines": 0}, "missing_lines": [], "excluded_lines": []}, "": {"executed_lines": [1, 3, 5, 8, 9, 11, 31], "summary": {"covered_lines": 6, "num_statements": 6, "percent_covered": 100.0, "percent_covered_display": "100", "missing_lines": 0, "excluded_lines": 0}, "missing_lines": [], "excluded_lines": []}}, "classes": {"Command": {"executed_lines": [12, 18, 24, 32, 37], "summary": {"covered_lines": 5, "num_statements": 5, "percent_covered": 100.0, "percent_covered_display": "100", "missing_lines": 0, "excluded_lines": 0}, "missing_lines": [], "excluded_lines": []}, "": {"executed_lines": [1, 3, 5, 8, 9, 11, 31], "summary": {"covered_lines": 6, "num_statements": 6, "percent_covered": 100.0, "percent_covered_display": "100", "missing_lines": 0, "excluded_lines": 0}, "missing_lines": [], "excluded_lines": []}}}, "src/icv_search/management/commands/icv_search_health.py": {"executed_lines": [1, 3, 5, 6, 9, 10, 12, 13, 19, 20, 21, 23, 24, 26, 27, 29, 30, 31, 32, 33, 34, 35, 36, 37], "summary": {"covered_lines": 23, "num_statements": 25, "percent_covered": 92.0, "percent_covered_display": "92", "missing_lines": 2, "excluded_lines": 0}, "missing_lines": [38, 39], "excluded_lines": [], "functions": {"Command.add_arguments": {"executed_lines": [13], "summary": {"covered_lines": 1, "num_statements": 1, "percent_covered": 100.0, "percent_covered_display": "100", "missing_lines": 0, "excluded_lines": 0}, "missing_lines": [], "excluded_lines": []}, "Command.handle": {"executed_lines": [20, 21, 23, 24, 26, 27, 29, 30, 31, 32, 33, 34, 35, 36, 37], "summary": {"covered_lines": 15, "num_statements": 17, "percent_covered": 88.23529411764706, "percent_covered_display": "88", "missing_lines": 2, "excluded_lines": 0}, "missing_lines": [38, 39], "excluded_lines": []}, "": {"executed_lines": [1, 3, 5, 6, 9, 10, 12, 19], "summary": {"covered_lines": 7, "num_statements": 7, "percent_covered": 100.0, "percent_covered_display": "100", "missing_lines": 0, "excluded_lines": 0}, "missing_lines": [], "excluded_lines": []}}, "classes": {"Command": {"executed_lines": [13, 20, 21, 23, 24, 26, 27, 29, 30, 31, 32, 33, 34, 35, 36, 37], "summary": {"covered_lines": 16, "num_statements": 18, "percent_covered": 88.88888888888889, "percent_covered_display": "89", "missing_lines": 2, "excluded_lines": 0}, "missing_lines": [38, 39], "excluded_lines": []}, "": {"executed_lines": [1, 3, 5, 6, 9, 10, 12, 19], "summary": {"covered_lines": 7, "num_statements": 7, "percent_covered": 100.0, "percent_covered_display": "100", "missing_lines": 0, "excluded_lines": 0}, "missing_lines": [], "excluded_lines": []}}}, "src/icv_search/management/commands/icv_search_reindex.py": {"executed_lines": [1, 3, 4, 6, 7, 10, 11, 13, 14, 20, 26, 32, 39, 40, 41, 45, 46, 48, 49, 50, 51], "summary": {"covered_lines": 20, "num_statements": 22, "percent_covered": 90.9090909090909, "percent_covered_display": "91", "missing_lines": 2, "excluded_lines": 0}, "missing_lines": [53, 54], "excluded_lines": [], "functions": {"Command.add_arguments": {"executed_lines": [14, 20, 26, 32], "summary": {"covered_lines": 4, "num_statements": 4, "percent_covered": 100.0, "percent_covered_display": "100", "missing_lines": 0, "excluded_lines": 0}, "missing_lines": [], "excluded_lines": []}, "Command.handle": {"executed_lines": [40, 41, 45, 46, 48, 49, 50, 51], "summary": {"covered_lines": 8, "num_statements": 10, "percent_covered": 80.0, "percent_covered_display": "80", "missing_lines": 2, "excluded_lines": 0}, "missing_lines": [53, 54], "excluded_lines": []}, "": {"executed_lines": [1, 3, 4, 6, 7, 10, 11, 13, 39], "summary": {"covered_lines": 8, "num_statements": 8, "percent_covered": 100.0, "percent_covered_display": "100", "missing_lines": 0, "excluded_lines": 0}, "missing_lines": [], "excluded_lines": []}}, "classes": {"Command": {"executed_lines": [14, 20, 26, 32, 40, 41, 45, 46, 48, 49, 50, 51], "summary": {"covered_lines": 12, "num_statements": 14, "percent_covered": 85.71428571428571, "percent_covered_display": "86", "missing_lines": 2, "excluded_lines": 0}, "missing_lines": [53, 54], "excluded_lines": []}, "": {"executed_lines": [1, 3, 4, 6, 7, 10, 11, 13, 39], "summary": {"covered_lines": 8, "num_statements": 8, "percent_covered": 100.0, "percent_covered_display": "100", "missing_lines": 0, "excluded_lines": 0}, "missing_lines": [], "excluded_lines": []}}}, "src/icv_search/management/commands/icv_search_sync.py": {"executed_lines": [1, 3, 5, 6, 9, 10, 12, 13, 18, 24, 30, 31, 33, 34, 35, 37, 38, 40, 41, 42, 44, 45, 46, 47, 48, 49, 50, 54], "summary": {"covered_lines": 27, "num_statements": 30, "percent_covered": 90.0, "percent_covered_display": "90", "missing_lines": 3, "excluded_lines": 0}, "missing_lines": [36, 51, 52], "excluded_lines": [], "functions": {"Command.add_arguments": {"executed_lines": [13, 18, 24], "summary": {"covered_lines": 3, "num_statements": 3, "percent_covered": 100.0, "percent_covered_display": "100", "missing_lines": 0, "excluded_lines": 0}, "missing_lines": [], "excluded_lines": []}, "Command.handle": {"executed_lines": [31, 33, 34, 35, 37, 38, 40, 41, 42, 44, 45, 46, 47, 48, 49, 50, 54], "summary": {"covered_lines": 17, "num_statements": 20, "percent_covered": 85.0, "percent_covered_display": "85", "missing_lines": 3, "excluded_lines": 0}, "missing_lines": [36, 51, 52], "excluded_lines": []}, "": {"executed_lines": [1, 3, 5, 6, 9, 10, 12, 30], "summary": {"covered_lines": 7, "num_statements": 7, "percent_covered": 100.0, "percent_covered_display": "100", "missing_lines": 0, "excluded_lines": 0}, "missing_lines": [], "excluded_lines": []}}, "classes": {"Command": {"executed_lines": [13, 18, 24, 31, 33, 34, 35, 37, 38, 40, 41, 42, 44, 45, 46, 47, 48, 49, 50, 54], "summary": {"covered_lines": 20, "num_statements": 23, "percent_covered": 86.95652173913044, "percent_covered_display": "87", "missing_lines": 3, "excluded_lines": 0}, "missing_lines": [36, 51, 52], "excluded_lines": []}, "": {"executed_lines": [1, 3, 5, 6, 9, 10, 12, 30], "summary": {"covered_lines": 7, "num_statements": 7, "percent_covered": 100.0, "percent_covered_display": "100", "missing_lines": 0, "excluded_lines": 0}, "missing_lines": [], "excluded_lines": []}}}, "src/icv_search/mixins.py": {"executed_lines": [1, 3, 5, 8, 9, 29, 30, 31, 32, 34, 40, 41, 42, 44, 46, 48, 49, 51, 52, 58], "summary": {"covered_lines": 18, "num_statements": 20, "percent_covered": 90.0, "percent_covered_display": "90", "missing_lines": 2, "excluded_lines": 0}, "missing_lines": [45, 47], "excluded_lines": [], "functions": {"SearchableMixin.to_search_document": {"executed_lines": [40, 41, 42, 44, 46, 48, 49], "summary": {"covered_lines": 7, "num_statements": 9, "percent_covered": 77.77777777777777, "percent_covered_display": "78", "missing_lines": 2, "excluded_lines": 0}, "missing_lines": [45, 47], "excluded_lines": []}, "SearchableMixin.get_search_queryset": {"executed_lines": [58], "summary": {"covered_lines": 1, "num_statements": 1, "percent_covered": 100.0, "percent_covered_display": "100", "missing_lines": 0, "excluded_lines": 0}, "missing_lines": [], "excluded_lines": []}, "": {"executed_lines": [1, 3, 5, 8, 9, 29, 30, 31, 32, 34, 51, 52], "summary": {"covered_lines": 10, "num_statements": 10, "percent_covered": 100.0, "percent_covered_display": "100", "missing_lines": 0, "excluded_lines": 0}, "missing_lines": [], "excluded_lines": []}}, "classes": {"SearchableMixin": {"executed_lines": [40, 41, 42, 44, 46, 48, 49, 58], "summary": {"covered_lines": 8, "num_statements": 10, "percent_covered": 80.0, "percent_covered_display": "80", "missing_lines": 2, "excluded_lines": 0}, "missing_lines": [45, 47], "excluded_lines": []}, "": {"executed_lines": [1, 3, 5, 8, 9, 29, 30, 31, 32, 34, 51, 52], "summary": {"covered_lines": 10, "num_statements": 10, "percent_covered": 100.0, "percent_covered_display": "100", "missing_lines": 0, "excluded_lines": 0}, "missing_lines": [], "excluded_lines": []}}}, "src/icv_search/models/__init__.py": {"executed_lines": [1, 3, 4, 6], "summary": {"covered_lines": 3, "num_statements": 3, "percent_covered": 100.0, "percent_covered_display": "100", "missing_lines": 0, "excluded_lines": 0}, "missing_lines": [], "excluded_lines": [], "functions": {"": {"executed_lines": [1, 3, 4, 6], "summary": {"covered_lines": 3, "num_statements": 3, "percent_covered": 100.0, "percent_covered_display": "100", "missing_lines": 0, "excluded_lines": 0}, "missing_lines": [], "excluded_lines": []}}, "classes": {"": {"executed_lines": [1, 3, 4, 6], "summary": {"covered_lines": 3, "num_statements": 3, "percent_covered": 100.0, "percent_covered_display": "100", "missing_lines": 0, "excluded_lines": 0}, "missing_lines": [], "excluded_lines": []}}}, "src/icv_search/models/base.py": {"executed_lines": [1, 3, 5, 7, 8, 10, 11, 43], "summary": {"covered_lines": 7, "num_statements": 15, "percent_covered": 46.666666666666664, "percent_covered_display": "47", "missing_lines": 8, "excluded_lines": 0}, "missing_lines": [12, 14, 22, 28, 33, 38, 39, 40], "excluded_lines": [], "functions": {"": {"executed_lines": [1, 3, 5, 7, 8, 10, 11, 43], "summary": {"covered_lines": 7, "num_statements": 15, "percent_covered": 46.666666666666664, "percent_covered_display": "47", "missing_lines": 8, "excluded_lines": 0}, "missing_lines": [12, 14, 22, 28, 33, 38, 39, 40], "excluded_lines": []}}, "classes": {"": {"executed_lines": [1, 3, 5, 7, 8, 10, 11, 43], "summary": {"covered_lines": 7, "num_statements": 15, "percent_covered": 46.666666666666664, "percent_covered_display": "47", "missing_lines": 8, "excluded_lines": 0}, "missing_lines": [12, 14, 22, 28, 33, 38, 39, 40], "excluded_lines": []}}}, "src/icv_search/models/indexes.py": {"executed_lines": [1, 3, 5, 6, 7, 9, 12, 13, 20, 25, 32, 38, 43, 51, 55, 59, 64, 70, 71, 72, 73, 74, 76, 77, 78, 79, 81, 83, 84, 86, 95, 98, 99, 101, 102, 103, 104, 106, 107, 109, 110, 111, 113, 115, 116, 118, 124, 125, 127, 136, 142, 147, 148, 149, 150, 155, 157, 158, 159, 160, 162, 163, 165, 167, 168, 169, 170], "summary": {"covered_lines": 64, "num_statements": 64, "percent_covered": 100.0, "percent_covered_display": "100", "missing_lines": 0, "excluded_lines": 0}, "missing_lines": [], "excluded_lines": [], "functions": {"SearchIndex.__str__": {"executed_lines": [77, 78, 79], "summary": {"covered_lines": 3, "num_statements": 3, "percent_covered": 100.0, "percent_covered_display": "100", "missing_lines": 0, "excluded_lines": 0}, "missing_lines": [], "excluded_lines": []}, "SearchIndex.save": {"executed_lines": [83, 84], "summary": {"covered_lines": 2, "num_statements": 2, "percent_covered": 100.0, "percent_covered_display": "100", "missing_lines": 0, "excluded_lines": 0}, "missing_lines": [], "excluded_lines": []}, "SearchIndex._compute_engine_uid": {"executed_lines": [95, 98, 99, 101, 102, 103, 104, 106, 107, 109, 110, 111], "summary": {"covered_lines": 12, "num_statements": 12, "percent_covered": 100.0, "percent_covered_display": "100", "missing_lines": 0, "excluded_lines": 0}, "missing_lines": [], "excluded_lines": []}, "SearchIndex.mark_synced": {"executed_lines": [115, 116, 118], "summary": {"covered_lines": 3, "num_statements": 3, "percent_covered": 100.0, "percent_covered_display": "100", "missing_lines": 0, "excluded_lines": 0}, "missing_lines": [], "excluded_lines": []}, "IndexSyncLog.__str__": {"executed_lines": [163], "summary": {"covered_lines": 1, "num_statements": 1, "percent_covered": 100.0, "percent_covered_display": "100", "missing_lines": 0, "excluded_lines": 0}, "missing_lines": [], "excluded_lines": []}, "IndexSyncLog.mark_complete": {"executed_lines": [167, 168, 169, 170], "summary": {"covered_lines": 4, "num_statements": 4, "percent_covered": 100.0, "percent_covered_display": "100", "missing_lines": 0, "excluded_lines": 0}, "missing_lines": [], "excluded_lines": []}, "": {"executed_lines": [1, 3, 5, 6, 7, 9, 12, 13, 20, 25, 32, 38, 43, 51, 55, 59, 64, 70, 71, 72, 73, 74, 76, 81, 86, 113, 124, 125, 127, 136, 142, 147, 148, 149, 150, 155, 157, 158, 159, 160, 162, 165], "summary": {"covered_lines": 39, "num_statements": 39, "percent_covered": 100.0, "percent_covered_display": "100", "missing_lines": 0, "excluded_lines": 0}, "missing_lines": [], "excluded_lines": []}}, "classes": {"SearchIndex": {"executed_lines": [77, 78, 79, 83, 84, 95, 98, 99, 101, 102, 103, 104, 106, 107, 109, 110, 111, 115, 116, 118], "summary": {"covered_lines": 20, "num_statements": 20, "percent_covered": 100.0, "percent_covered_display": "100", "missing_lines": 0, "excluded_lines": 0}, "missing_lines": [], "excluded_lines": []}, "SearchIndex.Meta": {"executed_lines": [], "summary": {"covered_lines": 0, "num_statements": 0, "percent_covered": 100.0, "percent_covered_display": "100", "missing_lines": 0, "excluded_lines": 0}, "missing_lines": [], "excluded_lines": []}, "IndexSyncLog": {"executed_lines": [163, 167, 168, 169, 170], "summary": {"covered_lines": 5, "num_statements": 5, "percent_covered": 100.0, "percent_covered_display": "100", "missing_lines": 0, "excluded_lines": 0}, "missing_lines": [], "excluded_lines": []}, "IndexSyncLog.Meta": {"executed_lines": [], "summary": {"covered_lines": 0, "num_statements": 0, "percent_covered": 100.0, "percent_covered_display": "100", "missing_lines": 0, "excluded_lines": 0}, "missing_lines": [], "excluded_lines": []}, "": {"executed_lines": [1, 3, 5, 6, 7, 9, 12, 13, 20, 25, 32, 38, 43, 51, 55, 59, 64, 70, 71, 72, 73, 74, 76, 81, 86, 113, 124, 125, 127, 136, 142, 147, 148, 149, 150, 155, 157, 158, 159, 160, 162, 165], "summary": {"covered_lines": 39, "num_statements": 39, "percent_covered": 100.0, "percent_covered_display": "100", "missing_lines": 0, "excluded_lines": 0}, "missing_lines": [], "excluded_lines": []}}}, "src/icv_search/services/__init__.py": {"executed_lines": [1, 3, 4, 10, 17, 18, 20], "summary": {"covered_lines": 6, "num_statements": 6, "percent_covered": 100.0, "percent_covered_display": "100", "missing_lines": 0, "excluded_lines": 0}, "missing_lines": [], "excluded_lines": [], "functions": {"": {"executed_lines": [1, 3, 4, 10, 17, 18, 20], "summary": {"covered_lines": 6, "num_statements": 6, "percent_covered": 100.0, "percent_covered_display": "100", "missing_lines": 0, "excluded_lines": 0}, "missing_lines": [], "excluded_lines": []}}, "classes": {"": {"executed_lines": [1, 3, 4, 10, 17, 18, 20], "summary": {"covered_lines": 6, "num_statements": 6, "percent_covered": 100.0, "percent_covered_display": "100", "missing_lines": 0, "excluded_lines": 0}, "missing_lines": [], "excluded_lines": []}}}, "src/icv_search/services/_utils.py": {"executed_lines": [1, 3, 5, 8, 21, 22, 23], "summary": {"covered_lines": 6, "num_statements": 6, "percent_covered": 100.0, "percent_covered_display": "100", "missing_lines": 0, "excluded_lines": 0}, "missing_lines": [], "excluded_lines": [], "functions": {"resolve_index": {"executed_lines": [21, 22, 23], "summary": {"covered_lines": 3, "num_statements": 3, "percent_covered": 100.0, "percent_covered_display": "100", "missing_lines": 0, "excluded_lines": 0}, "missing_lines": [], "excluded_lines": []}, "": {"executed_lines": [1, 3, 5, 8], "summary": {"covered_lines": 3, "num_statements": 3, "percent_covered": 100.0, "percent_covered_display": "100", "missing_lines": 0, "excluded_lines": 0}, "missing_lines": [], "excluded_lines": []}}, "classes": {"": {"executed_lines": [1, 3, 5, 8, 21, 22, 23], "summary": {"covered_lines": 6, "num_statements": 6, "percent_covered": 100.0, "percent_covered_display": "100", "missing_lines": 0, "excluded_lines": 0}, "missing_lines": [], "excluded_lines": []}}}, "src/icv_search/services/documents.py": {"executed_lines": [1, 3, 5, 6, 8, 9, 10, 11, 12, 13, 15, 18, 35, 36, 37, 39, 40, 45, 46, 47, 49, 50, 56, 57, 59, 60, 61, 62, 65, 80, 81, 82, 84, 85, 86, 87, 88, 90, 96, 97, 99, 100, 101, 102, 105, 120, 121, 123, 124, 125, 127, 128, 129, 130, 131, 132, 134, 135, 136, 138, 139, 142, 159, 160, 163, 164, 165, 166, 168, 170, 171, 172, 173, 174, 175, 176], "summary": {"covered_lines": 75, "num_statements": 75, "percent_covered": 100.0, "percent_covered_display": "100", "missing_lines": 0, "excluded_lines": 0}, "missing_lines": [], "excluded_lines": [], "functions": {"index_documents": {"executed_lines": [35, 36, 37, 39, 40, 45, 46, 47, 49, 50, 56, 57, 59, 60, 61, 62], "summary": {"covered_lines": 16, "num_statements": 16, "percent_covered": 100.0, "percent_covered_display": "100", "missing_lines": 0, "excluded_lines": 0}, "missing_lines": [], "excluded_lines": []}, "remove_documents": {"executed_lines": [80, 81, 82, 84, 85, 86, 87, 88, 90, 96, 97, 99, 100, 101, 102], "summary": {"covered_lines": 15, "num_statements": 15, "percent_covered": 100.0, "percent_covered_display": "100", "missing_lines": 0, "excluded_lines": 0}, "missing_lines": [], "excluded_lines": []}, "index_model_instances": {"executed_lines": [120, 121, 123, 124, 125, 127, 128, 129, 130, 131, 132, 134, 135, 136, 138, 139], "summary": {"covered_lines": 16, "num_statements": 16, "percent_covered": 100.0, "percent_covered_display": "100", "missing_lines": 0, "excluded_lines": 0}, "missing_lines": [], "excluded_lines": []}, "reindex_all": {"executed_lines": [159, 160, 163, 164, 165, 166, 168, 170, 171, 172, 173, 174, 175, 176], "summary": {"covered_lines": 14, "num_statements": 14, "percent_covered": 100.0, "percent_covered_display": "100", "missing_lines": 0, "excluded_lines": 0}, "missing_lines": [], "excluded_lines": []}, "": {"executed_lines": [1, 3, 5, 6, 8, 9, 10, 11, 12, 13, 15, 18, 65, 105, 142], "summary": {"covered_lines": 14, "num_statements": 14, "percent_covered": 100.0, "percent_covered_display": "100", "missing_lines": 0, "excluded_lines": 0}, "missing_lines": [], "excluded_lines": []}}, "classes": {"": {"executed_lines": [1, 3, 5, 6, 8, 9, 10, 11, 12, 13, 15, 18, 35, 36, 37, 39, 40, 45, 46, 47, 49, 50, 56, 57, 59, 60, 61, 62, 65, 80, 81, 82, 84, 85, 86, 87, 88, 90, 96, 97, 99, 100, 101, 102, 105, 120, 121, 123, 124, 125, 127, 128, 129, 130, 131, 132, 134, 135, 136, 138, 139, 142, 159, 160, 163, 164, 165, 166, 168, 170, 171, 172, 173, 174, 175, 176], "summary": {"covered_lines": 75, "num_statements": 75, "percent_covered": 100.0, "percent_covered_display": "100", "missing_lines": 0, "excluded_lines": 0}, "missing_lines": [], "excluded_lines": []}}}, "src/icv_search/services/indexing.py": {"executed_lines": [1, 3, 5, 6, 8, 9, 10, 11, 12, 13, 15, 18, 35, 36, 38, 40, 41, 42, 44, 45, 46, 48, 49, 50, 52, 55, 84, 85, 86, 88, 94, 96, 97, 99, 100, 101, 102, 104, 105, 107, 108, 110, 111, 113, 114, 115, 116, 118, 121, 128, 129, 130, 132, 133, 134, 135, 136, 142, 145, 160, 161, 162, 164, 165, 168, 178, 179, 180, 181, 184, 186, 187, 189, 190, 191, 192, 193, 194, 195, 196], "summary": {"covered_lines": 79, "num_statements": 87, "percent_covered": 90.80459770114942, "percent_covered_display": "91", "missing_lines": 8, "excluded_lines": 0}, "missing_lines": [137, 138, 139, 140, 197, 198, 199, 200], "excluded_lines": [], "functions": {"get_model_search_settings": {"executed_lines": [35, 36, 38, 40, 41, 42, 44, 45, 46, 48, 49, 50, 52], "summary": {"covered_lines": 13, "num_statements": 13, "percent_covered": 100.0, "percent_covered_display": "100", "missing_lines": 0, "excluded_lines": 0}, "missing_lines": [], "excluded_lines": []}, "create_index": {"executed_lines": [84, 85, 86, 88, 94, 96, 97, 99, 100, 101, 102, 104, 105, 107, 108, 110, 111, 113, 114, 115, 116, 118], "summary": {"covered_lines": 22, "num_statements": 22, "percent_covered": 100.0, "percent_covered_display": "100", "missing_lines": 0, "excluded_lines": 0}, "missing_lines": [], "excluded_lines": []}, "delete_index": {"executed_lines": [128, 129, 130, 132, 133, 134, 135, 136, 142], "summary": {"covered_lines": 9, "num_statements": 13, "percent_covered": 69.23076923076923, "percent_covered_display": "69", "missing_lines": 4, "excluded_lines": 0}, "missing_lines": [137, 138, 139, 140], "excluded_lines": []}, "update_index_settings": {"executed_lines": [160, 161, 162, 164, 165], "summary": {"covered_lines": 5, "num_statements": 5, "percent_covered": 100.0, "percent_covered_display": "100", "missing_lines": 0, "excluded_lines": 0}, "missing_lines": [], "excluded_lines": []}, "get_index_stats": {"executed_lines": [178, 179, 180, 181], "summary": {"covered_lines": 4, "num_statements": 4, "percent_covered": 100.0, "percent_covered_display": "100", "missing_lines": 0, "excluded_lines": 0}, "missing_lines": [], "excluded_lines": []}, "_sync_index_to_engine": {"executed_lines": [186, 187, 189, 190, 191, 192, 193, 194, 195, 196], "summary": {"covered_lines": 10, "num_statements": 14, "percent_covered": 71.42857142857143, "percent_covered_display": "71", "missing_lines": 4, "excluded_lines": 0}, "missing_lines": [197, 198, 199, 200], "excluded_lines": []}, "": {"executed_lines": [1, 3, 5, 6, 8, 9, 10, 11, 12, 13, 15, 18, 55, 121, 145, 168, 184], "summary": {"covered_lines": 16, "num_statements": 16, "percent_covered": 100.0, "percent_covered_display": "100", "missing_lines": 0, "excluded_lines": 0}, "missing_lines": [], "excluded_lines": []}}, "classes": {"": {"executed_lines": [1, 3, 5, 6, 8, 9, 10, 11, 12, 13, 15, 18, 35, 36, 38, 40, 41, 42, 44, 45, 46, 48, 49, 50, 52, 55, 84, 85, 86, 88, 94, 96, 97, 99, 100, 101, 102, 104, 105, 107, 108, 110, 111, 113, 114, 115, 116, 118, 121, 128, 129, 130, 132, 133, 134, 135, 136, 142, 145, 160, 161, 162, 164, 165, 168, 178, 179, 180, 181, 184, 186, 187, 189, 190, 191, 192, 193, 194, 195, 196], "summary": {"covered_lines": 79, "num_statements": 87, "percent_covered": 90.80459770114942, "percent_covered_display": "91", "missing_lines": 8, "excluded_lines": 0}, "missing_lines": [137, 138, 139, 140, 197, 198, 199, 200], "excluded_lines": []}}}, "src/icv_search/services/search.py": {"executed_lines": [1, 3, 5, 6, 8, 9, 10, 11, 13, 16, 33, 35, 36, 37, 39, 45], "summary": {"covered_lines": 15, "num_statements": 15, "percent_covered": 100.0, "percent_covered_display": "100", "missing_lines": 0, "excluded_lines": 0}, "missing_lines": [], "excluded_lines": [], "functions": {"search": {"executed_lines": [33, 35, 36, 37, 39, 45], "summary": {"covered_lines": 6, "num_statements": 6, "percent_covered": 100.0, "percent_covered_display": "100", "missing_lines": 0, "excluded_lines": 0}, "missing_lines": [], "excluded_lines": []}, "": {"executed_lines": [1, 3, 5, 6, 8, 9, 10, 11, 13, 16], "summary": {"covered_lines": 9, "num_statements": 9, "percent_covered": 100.0, "percent_covered_display": "100", "missing_lines": 0, "excluded_lines": 0}, "missing_lines": [], "excluded_lines": []}}, "classes": {"": {"executed_lines": [1, 3, 5, 6, 8, 9, 10, 11, 13, 16, 33, 35, 36, 37, 39, 45], "summary": {"covered_lines": 15, "num_statements": 15, "percent_covered": 100.0, "percent_covered_display": "100", "missing_lines": 0, "excluded_lines": 0}, "missing_lines": [], "excluded_lines": []}}}, "src/icv_search/signals.py": {"executed_lines": [1, 3, 6, 9, 12, 16, 20], "summary": {"covered_lines": 6, "num_statements": 6, "percent_covered": 100.0, "percent_covered_display": "100", "missing_lines": 0, "excluded_lines": 0}, "missing_lines": [], "excluded_lines": [], "functions": {"": {"executed_lines": [1, 3, 6, 9, 12, 16, 20], "summary": {"covered_lines": 6, "num_statements": 6, "percent_covered": 100.0, "percent_covered_display": "100", "missing_lines": 0, "excluded_lines": 0}, "missing_lines": [], "excluded_lines": []}}, "classes": {"": {"executed_lines": [1, 3, 6, 9, 12, 16, 20], "summary": {"covered_lines": 6, "num_statements": 6, "percent_covered": 100.0, "percent_covered_display": "100", "missing_lines": 0, "excluded_lines": 0}, "missing_lines": [], "excluded_lines": []}}}, "src/icv_search/tasks.py": {"executed_lines": [1, 3, 5, 6, 8, 10, 11, 20, 21, 23, 24, 26, 27, 28, 29, 30, 32, 33, 34, 35, 36, 39, 40, 42, 43, 45, 46, 47, 49, 50, 51, 52, 53, 54, 56, 57, 60, 61, 63, 64, 66, 67, 68, 69, 70, 72, 73, 74, 75, 76, 79, 80, 82, 83, 85, 86, 87, 88, 89, 91, 92, 93, 94, 95, 98, 99, 101, 103, 104, 106, 107, 108, 109, 110, 112, 113, 116, 117, 119, 120, 122, 123, 125, 126, 127, 128, 129, 130, 131, 132, 134, 135], "summary": {"covered_lines": 91, "num_statements": 96, "percent_covered": 94.79166666666667, "percent_covered_display": "95", "missing_lines": 5, "excluded_lines": 0}, "missing_lines": [12, 14, 15, 16, 17], "excluded_lines": [], "functions": {"sync_index_settings": {"executed_lines": [23, 24, 26, 27, 28, 29, 30, 32, 33, 34, 35, 36], "summary": {"covered_lines": 12, "num_statements": 12, "percent_covered": 100.0, "percent_covered_display": "100", "missing_lines": 0, "excluded_lines": 0}, "missing_lines": [], "excluded_lines": []}, "sync_all_indexes": {"executed_lines": [42, 43, 45, 46, 47, 49, 50, 51, 52, 53, 54, 56, 57], "summary": {"covered_lines": 13, "num_statements": 13, "percent_covered": 100.0, "percent_covered_display": "100", "missing_lines": 0, "excluded_lines": 0}, "missing_lines": [], "excluded_lines": []}, "add_documents": {"executed_lines": [63, 64, 66, 67, 68, 69, 70, 72, 73, 74, 75, 76], "summary": {"covered_lines": 12, "num_statements": 12, "percent_covered": 100.0, "percent_covered_display": "100", "missing_lines": 0, "excluded_lines": 0}, "missing_lines": [], "excluded_lines": []}, "remove_documents": {"executed_lines": [82, 83, 85, 86, 87, 88, 89, 91, 92, 93, 94, 95], "summary": {"covered_lines": 12, "num_statements": 12, "percent_covered": 100.0, "percent_covered_display": "100", "missing_lines": 0, "excluded_lines": 0}, "missing_lines": [], "excluded_lines": []}, "reindex": {"executed_lines": [101, 103, 104, 106, 107, 108, 109, 110, 112, 113], "summary": {"covered_lines": 10, "num_statements": 10, "percent_covered": 100.0, "percent_covered_display": "100", "missing_lines": 0, "excluded_lines": 0}, "missing_lines": [], "excluded_lines": []}, "refresh_document_counts": {"executed_lines": [119, 120, 122, 123, 125, 126, 127, 128, 129, 130, 131, 132, 134, 135], "summary": {"covered_lines": 14, "num_statements": 14, "percent_covered": 100.0, "percent_covered_display": "100", "missing_lines": 0, "excluded_lines": 0}, "missing_lines": [], "excluded_lines": []}, "": {"executed_lines": [1, 3, 5, 6, 8, 10, 11, 20, 21, 39, 40, 60, 61, 79, 80, 98, 99, 116, 117], "summary": {"covered_lines": 18, "num_statements": 23, "percent_covered": 78.26086956521739, "percent_covered_display": "78", "missing_lines": 5, "excluded_lines": 0}, "missing_lines": [12, 14, 15, 16, 17], "excluded_lines": []}}, "classes": {"": {"executed_lines": [1, 3, 5, 6, 8, 10, 11, 20, 21, 23, 24, 26, 27, 28, 29, 30, 32, 33, 34, 35, 36, 39, 40, 42, 43, 45, 46, 47, 49, 50, 51, 52, 53, 54, 56, 57, 60, 61, 63, 64, 66, 67, 68, 69, 70, 72, 73, 74, 75, 76, 79, 80, 82, 83, 85, 86, 87, 88, 89, 91, 92, 93, 94, 95, 98, 99, 101, 103, 104, 106, 107, 108, 109, 110, 112, 113, 116, 117, 119, 120, 122, 123, 125, 126, 127, 128, 129, 130, 131, 132, 134, 135], "summary": {"covered_lines": 91, "num_statements": 96, "percent_covered": 94.79166666666667, "percent_covered_display": "95", "missing_lines": 5, "excluded_lines": 0}, "missing_lines": [12, 14, 15, 16, 17], "excluded_lines": []}}}, "src/icv_search/types.py": {"executed_lines": [1, 3, 5, 6, 9, 10, 11, 13, 14, 15, 16, 18, 19, 21, 29, 30, 31, 33, 34, 35, 36, 37, 38, 39, 41, 42, 44, 55, 56, 57, 59, 60, 61, 62, 64, 65, 67], "summary": {"covered_lines": 33, "num_statements": 33, "percent_covered": 100.0, "percent_covered_display": "100", "missing_lines": 0, "excluded_lines": 0}, "missing_lines": [], "excluded_lines": [], "functions": {"TaskResult.from_engine": {"executed_lines": [21], "summary": {"covered_lines": 1, "num_statements": 1, "percent_covered": 100.0, "percent_covered_display": "100", "missing_lines": 0, "excluded_lines": 0}, "missing_lines": [], "excluded_lines": []}, "SearchResult.from_engine": {"executed_lines": [44], "summary": {"covered_lines": 1, "num_statements": 1, "percent_covered": 100.0, "percent_covered_display": "100", "missing_lines": 0, "excluded_lines": 0}, "missing_lines": [], "excluded_lines": []}, "IndexStats.from_engine": {"executed_lines": [67], "summary": {"covered_lines": 1, "num_statements": 1, "percent_covered": 100.0, "percent_covered_display": "100", "missing_lines": 0, "excluded_lines": 0}, "missing_lines": [], "excluded_lines": []}, "": {"executed_lines": [1, 3, 5, 6, 9, 10, 11, 13, 14, 15, 16, 18, 19, 29, 30, 31, 33, 34, 35, 36, 37, 38, 39, 41, 42, 55, 56, 57, 59, 60, 61, 62, 64, 65], "summary": {"covered_lines": 30, "num_statements": 30, "percent_covered": 100.0, "percent_covered_display": "100", "missing_lines": 0, "excluded_lines": 0}, "missing_lines": [], "excluded_lines": []}}, "classes": {"TaskResult": {"executed_lines": [21], "summary": {"covered_lines": 1, "num_statements": 1, "percent_covered": 100.0, "percent_covered_display": "100", "missing_lines": 0, "excluded_lines": 0}, "missing_lines": [], "excluded_lines": []}, "SearchResult": {"executed_lines": [44], "summary": {"covered_lines": 1, "num_statements": 1, "percent_covered": 100.0, "percent_covered_display": "100", "missing_lines": 0, "excluded_lines": 0}, "missing_lines": [], "excluded_lines": []}, "IndexStats": {"executed_lines": [67], "summary": {"covered_lines": 1, "num_statements": 1, "percent_covered": 100.0, "percent_covered_display": "100", "missing_lines": 0, "excluded_lines": 0}, "missing_lines": [], "excluded_lines": []}, "": {"executed_lines": [1, 3, 5, 6, 9, 10, 11, 13, 14, 15, 16, 18, 19, 29, 30, 31, 33, 34, 35, 36, 37, 38, 39, 41, 42, 55, 56, 57, 59, 60, 61, 62, 64, 65], "summary": {"covered_lines": 30, "num_statements": 30, "percent_covered": 100.0, "percent_covered_display": "100", "missing_lines": 0, "excluded_lines": 0}, "missing_lines": [], "excluded_lines": []}}}}, "totals": {"covered_lines": 961, "num_statements": 1212, "percent_covered": 79.2904290429043, "percent_covered_display": "79", "missing_lines": 251, "excluded_lines": 2}}